<?xml version="1.0" encoding="UTF-8"?>
<!-- Generated by org.testng.reporters.JUnitReportReporter -->
<testsuite hostname="Venturedive" name="Bystored.AdminBystored" tests="2" failures="0" timestamp="10 Jul 2017 10:38:42 GMT" time="90.512" errors="0">
  <testcase name="updateCustomerProfile" time="88.707" classname="Bystored.AdminBystored"/>
  <testcase name="Login" time="1.805" classname="Bystored.AdminBystored"/>
</testsuite> <!-- Bystored.AdminBystored -->
